2021-10-04 15:24:17 [31merror[39m [31mmessege[39m
2021-10-04 15:24:17 [32minfo[39m [32mmessege[39m
2021-10-04 15:24:17 [34mdebug[39m [34mmessege[39m
2021-10-04 15:25:29 [31merror[39m [31mmessege[39m
2021-10-04 15:25:29 [32minfo[39m [32mmessege[39m
2021-10-04 15:25:29 [34mdebug[39m [34mmessege[39m
2021-10-04 15:27:13 [31merror[39m [31mmessege[39m
2021-10-04 15:27:13 [32minfo[39m [32mmessege[39m
2021-10-04 15:27:13 [34mdebug[39m [34mmessege[39m
2021-10-04 15:27:31 [31merror[39m [31mmessege[39m
2021-10-04 15:27:31 [32minfo[39m [32mmessege[39m
2021-10-04 15:27:31 [34mdebug[39m [34mmessege[39m
2021-10-04 15:27:45 [31merror[39m [31mmessege[39m
2021-10-04 15:27:45 [32minfo[39m [32mmessege[39m
2021-10-04 15:27:45 [34mdebug[39m [34mmessege[39m
2021-10-04 15:28:30 error messege
2021-10-04 15:28:30 info messege
2021-10-04 15:28:30 debug messege
2021-10-04 15:28:53 error messege
2021-10-04 15:28:53 info messege
2021-10-04 15:28:53 debug messege
2021-10-04 15:30:08 error messege
2021-10-04 15:30:08 warn messege
2021-10-04 15:30:08 info messege
2021-10-04 15:30:08 debug messege
